* Starting client
* Connecting to master process on port 15799
* Analyzing classpath: 
  - C:\Users\Spiriq\IdeaProjects\VKGroupManager\target\classes
  - C:\Users\Spiriq\.m2\repository\org\apache\httpcomponents\httpclient\4.5.3\httpclient-4.5.3.jar
  - C:\Users\Spiriq\.m2\repository\org\apache\httpcomponents\httpcore\4.4.6\httpcore-4.4.6.jar
  - C:\Users\Spiriq\.m2\repository\commons-logging\commons-logging\1.2\commons-logging-1.2.jar
  - C:\Users\Spiriq\.m2\repository\commons-codec\commons-codec\1.9\commons-codec-1.9.jar
  - C:\Users\Spiriq\.m2\repository\com\alibaba\fastjson\1.2.31\fastjson-1.2.31.jar
  - C:\Users\Spiriq\.m2\repository\org\xerial\sqlite-jdbc\3.16.1\sqlite-jdbc-3.16.1.jar
  - C:\Users\Spiriq\.m2\repository\commons-cli\commons-cli\1.2\commons-cli-1.2.jar
  - C:\Users\Spiriq\.m2\repository\org\junit\jupiter\junit-jupiter-api\5.0.0-M4\junit-jupiter-api-5.0.0-M4.jar
  - C:\Users\Spiriq\.m2\repository\org\opentest4j\opentest4j\1.0.0-M2\opentest4j-1.0.0-M2.jar
  - C:\Users\Spiriq\.m2\repository\org\junit\platform\junit-platform-commons\1.0.0-M4\junit-platform-commons-1.0.0-M4.jar
  - C:\Users\Spiriq\.m2\repository\junit\junit\4.12\junit-4.12.jar
  - C:\Users\Spiriq\.m2\repository\org\hamcrest\hamcrest-core\1.3\hamcrest-core-1.3.jar
* Finished analyzing classpath
* Generating tests for class club.mytree.StaticHandle
* Test criteria:
  - Line Coverage
  - Branch Coverage
  - Exception
  - Mutation testing (weak)
  - Method-Output Coverage
  - Top-Level Method Coverage
  - No-Exception Top-Level Method Coverage
  - Context Branch Coverage
* Setting up search algorithm for whole suite generation
[MASTER] 21:28:02.784 [pool-2-thread-1] WARN  TestSuiteSerialization - Cannot load tests because file does not exist: C:\Users\Spiriq\IdeaProjects\VKGroupManager\.evosuite\evosuite-seeds\club.mytree.StaticHandle.seed
* Loaded 0 tests from C:\Users\Spiriq\IdeaProjects\VKGroupManager\.evosuite\evosuite-seeds\club.mytree.StaticHandle.seed
* Total number of test goals: 
  - Line 27
  - Branch 9
  - Exception 0
  - MutationFactory 33
  - Output 0
  - Method 2
  - MethodNoException 2
  - CBranchFitnessFactory 9
* Using seed 1495564078234
* Starting evolution
[MASTER] 21:28:08.217 [pool-2-thread-1] WARN  TestChromosome - Functional mock problem: org.evosuite.ga.ConstructionFailedException: Have no generator for class java.net.URI canUseFunctionalMocks=true, canBeMocked: false
[MASTER] 21:28:09.020 [pool-2-thread-1] WARN  TestChromosome - Functional mock problem: org.evosuite.ga.ConstructionFailedException: No generators of type class com.sun.net.httpserver.Headers
* Search finished after 85s and 86 generations, 25626 statements, best individual has fitness: 16.13888864688611
* Writing sequences to pool
* Minimizing test suite
* Going to analyze the coverage criteria
* Coverage analysis for criterion LINE
* Coverage of criterion LINE: 70%
* Total number of goals: 27
* Number of covered goals: 19
* Coverage analysis for criterion BRANCH
* Coverage of criterion BRANCH: 67%
* Total number of goals: 9
* Number of covered goals: 6
* Coverage analysis for criterion EXCEPTION
* Coverage of criterion EXCEPTION: 100%
* Total number of goals: 3
* Number of covered goals: 3
* Coverage analysis for criterion WEAKMUTATION
* Coverage of criterion WEAKMUTATION: 94%
* Total number of goals: 33
* Number of covered goals: 31
* Coverage analysis for criterion OUTPUT
* Coverage of criterion OUTPUT: 100% (no goals)
* Coverage analysis for criterion METHOD
* Coverage of criterion METHOD: 100%
* Total number of goals: 2
* Number of covered goals: 2
* Coverage analysis for criterion METHODNOEXCEPTION
* Coverage of criterion METHODNOEXCEPTION: 100%
* Total number of goals: 2
* Number of covered goals: 2
* Coverage analysis for criterion CBRANCH
* Coverage of criterion CBRANCH: 67%
* Total number of goals: 9
* Number of covered goals: 6
* Generated 5 tests with total length 24
* Resulting test suite's coverage: 87% (average coverage for all fitness functions)
* Generating assertions
* Resulting test suite's mutation score: 12%
* Compiling and checking tests
* Writing JUnit test case 'StaticHandle_ESTest' to C:\Users\Spiriq\IdeaProjects\VKGroupManager\.evosuite\tmp_2017_05_23_21_26_04\tests
* Done!

